Using pre-set license
Built from '2021.1/staging' branch; Version is '2021.1.22f1 (a137e5fb0427) revision 10565605'; Using compiler version '192528614'; Build Type 'Release'
OS: 'Windows 10 Home; OS build 22000.282; Version 2009; 64bit' Language: 'zh' Physical Memory: 32670 MB
BatchMode: 1, IsHumanControllingUs: 0, StartBugReporterOnCrash: 0, Is64bit: 1, IsPro: 0

COMMAND LINE ARGUMENTS:
C:\Program Files\Unity\Hub\Editor\2021.1.22f1\Editor\Unity.exe
-adb2
-batchMode
-noUpm
-name
AssetImportWorker0
-projectPath
C:/Users/Yaojie/Desktop/non-GDW-Group
-logFile
Logs/AssetImportWorker0.log
-srvPort
56486
Successfully changed project path to: C:/Users/Yaojie/Desktop/non-GDW-Group
C:/Users/Yaojie/Desktop/non-GDW-Group
Using Asset Import Pipeline V2.
Refreshing native plugins compatible for Editor in 79.10 ms, found 3 plugins.
Preloading 0 native plugins for Editor in 0.00 ms.
Initialize engine version: 2021.1.22f1 (a137e5fb0427)
[Subsystems] Discovering subsystems at path C:/Program Files/Unity/Hub/Editor/2021.1.22f1/Editor/Data/Resources/UnitySubsystems
[Subsystems] Discovering subsystems at path C:/Users/Yaojie/Desktop/non-GDW-Group/Assets
GfxDevice: creating device client; threaded=0; jobified=0
Direct3D:
    Version:  Direct3D 11.0 [level 11.1]
    Renderer: NVIDIA GeForce RTX 3080 (ID=0x2206)
    Vendor:   NVIDIA
    VRAM:     10078 MB
    Driver:   30.0.14.9613
Initialize mono
Mono path[0] = 'C:/Program Files/Unity/Hub/Editor/2021.1.22f1/Editor/Data/Managed'
Mono path[1] = 'C:/Program Files/Unity/Hub/Editor/2021.1.22f1/Editor/Data/MonoBleedingEdge/lib/mono/unityjit'
Mono config path = 'C:/Program Files/Unity/Hub/Editor/2021.1.22f1/Editor/Data/MonoBleedingEdge/etc'
Using monoOptions --debugger-agent=transport=dt_socket,embedding=1,server=y,suspend=n,address=127.0.0.1:56352
Begin MonoManager ReloadAssembly
Registering precompiled unity dll's ...
Register platform support module: C:/Program Files/Unity/Hub/Editor/2021.1.22f1/Editor/Data/PlaybackEngines/WebGLSupport/UnityEditor.WebGL.Extensions.dll
Register platform support module: C:/Program Files/Unity/Hub/Editor/2021.1.22f1/Editor/Data/PlaybackEngines/WindowsStandaloneSupport/UnityEditor.WindowsStandalone.Extensions.dll
Registered in 0.001568 seconds.
Native extension for WindowsStandalone target not found
Native extension for WebGL target not found
Refreshing native plugins compatible for Editor in 82.11 ms, found 3 plugins.
Preloading 0 native plugins for Editor in 0.00 ms.
Mono: successfully reloaded assembly
- Completed reload, in  1.418 seconds
Domain Reload Profiling:
	ReloadAssembly (1418ms)
		BeginReloadAssembly (46ms)
			ExecutionOrderSort (0ms)
			DisableScriptedObjects (0ms)
			BackupInstance (0ms)
			ReleaseScriptingObjects (0ms)
			CreateAndSetChildDomain (1ms)
		EndReloadAssembly (433ms)
			LoadAssemblies (44ms)
			RebuildTransferFunctionScriptingTraits (0ms)
			SetupTypeCache (168ms)
			ReleaseScriptCaches (0ms)
			RebuildScriptCaches (25ms)
			SetupLoadedEditorAssemblies (204ms)
				LogAssemblyErrors (0ms)
				InitializePlatformSupportModulesInManaged (6ms)
				SetLoadedEditorAssemblies (0ms)
				RefreshPlugins (82ms)
				BeforeProcessingInitializeOnLoad (1ms)
				ProcessInitializeOnLoadAttributes (89ms)
				ProcessInitializeOnLoadMethodAttributes (26ms)
				AfterProcessingInitializeOnLoad (0ms)
				EditorAssembliesLoaded (0ms)
			ExecutionOrderSort2 (0ms)
			AwakeInstancesAfterBackupRestoration (0ms)
Platform modules already initialized, skipping
Registering precompiled user dll's ...
Registered in 0.003276 seconds.
Begin MonoManager ReloadAssembly
Symbol file LoadedFromMemory doesn't match image C:\Users\Yaojie\Desktop\non-GDW-Group\Library\PackageCache\com.unity.visualscripting@1.6.1\Editor\VisualScripting.Core\Dependencies\YamlDotNet\Unity.VisualScripting.YamlDotNet.dll
Symbol file LoadedFromMemory doesn't match image C:\Users\Yaojie\Desktop\non-GDW-Group\Library\PackageCache\com.unity.visualscripting@1.6.1\Editor\VisualScripting.Core\Dependencies\DotNetZip\Unity.VisualScripting.IonicZip.dll
Native extension for WindowsStandalone target not found
Native extension for WebGL target not found
Refreshing native plugins compatible for Editor in 76.95 ms, found 3 plugins.
Preloading 0 native plugins for Editor in 0.00 ms.
Mono: successfully reloaded assembly
- Completed reload, in  1.070 seconds
Domain Reload Profiling:
	ReloadAssembly (1071ms)
		BeginReloadAssembly (124ms)
			ExecutionOrderSort (0ms)
			DisableScriptedObjects (4ms)
			BackupInstance (0ms)
			ReleaseScriptingObjects (0ms)
			CreateAndSetChildDomain (19ms)
		EndReloadAssembly (900ms)
			LoadAssemblies (72ms)
			RebuildTransferFunctionScriptingTraits (0ms)
			SetupTypeCache (298ms)
			ReleaseScriptCaches (1ms)
			RebuildScriptCaches (45ms)
			SetupLoadedEditorAssemblies (399ms)
				LogAssemblyErrors (0ms)
				InitializePlatformSupportModulesInManaged (4ms)
				SetLoadedEditorAssemblies (0ms)
				RefreshPlugins (77ms)
				BeforeProcessingInitializeOnLoad (64ms)
				ProcessInitializeOnLoadAttributes (246ms)
				ProcessInitializeOnLoadMethodAttributes (4ms)
				AfterProcessingInitializeOnLoad (3ms)
				EditorAssembliesLoaded (0ms)
			ExecutionOrderSort2 (0ms)
			AwakeInstancesAfterBackupRestoration (6ms)
Platform modules already initialized, skipping
========================================================================
Worker process is ready to serve import requests
Launched and connected shader compiler UnityShaderCompiler.exe after 0.06 seconds
Refreshing native plugins compatible for Editor in 0.96 ms, found 3 plugins.
Preloading 0 native plugins for Editor in 0.00 ms.
Unloading 3520 Unused Serialized files (Serialized files now loaded: 0)
System memory in use before: 130.4 MB.
System memory in use after: 130.6 MB.

Unloading 36 unused Assets to reduce memory usage. Loaded Objects now: 3959.
Total: 3.187600 ms (FindLiveObjects: 0.319200 ms CreateObjectMapping: 0.253000 ms MarkObjects: 2.544800 ms  DeleteObjects: 0.069400 ms)

AssetImportParameters requested are different than current active one (requested -> active):
  custom:framework-win-MediaFoundation: 216162199b28c13a410421893ffa2e32 -> 
  custom:video-decoder-ogg-theora: a1e56fd34408186e4bbccfd4996cb3dc -> 
  custom:container-muxer-webm: aa71ff27fc2769a1b78a27578f13a17b -> 
  custom:container-demuxer-webm: 4f35f7cbe854078d1ac9338744f61a02 -> 
  custom:container-demuxer-ogg: 62fdf1f143b41e24485cea50d1cbac27 -> 
  custom:video-encoder-webm-vp8: eb34c28f22e8b96e1ab97ce403110664 -> 
  custom:video-decoder-webm-vp8: 9c59270c3fd7afecdb556c50c9e8de78 -> 
  custom:audio-decoder-ogg-vorbis: bf7c407c2cedff20999df2af8eb42d56 -> 
  custom:audio-encoder-webm-vorbis: bf7c407c2cedff20999df2af8eb42d56 -> 
========================================================================
Received Import Request.
  path: Assets/[Scripts]/Inter/InterControl.cs
  artifactKey: Guid(38e3953553b1a8249a196cd4b859ac84) Importer(815301076,1909f56bfc062723c751e8b465ee728b)
Start importing Assets/[Scripts]/Inter/InterControl.cs using Guid(38e3953553b1a8249a196cd4b859ac84) Importer(815301076,1909f56bfc062723c751e8b465ee728b)  -> (artifact id: '03bb77a56728450e02fa79356c6a99bf') in 0.025500 seconds 
========================================================================
Received Import Request.
  Time since last request: 94.179760 seconds.
  path: Assets/[Sound]/Ball Rolling.mp3
  artifactKey: Guid(6fc3886f7540c9b43846b46f29fc71ee) Importer(815301076,1909f56bfc062723c751e8b465ee728b)
Start importing Assets/[Sound]/Ball Rolling.mp3 using Guid(6fc3886f7540c9b43846b46f29fc71ee) Importer(815301076,1909f56bfc062723c751e8b465ee728b)  -> (artifact id: 'b66f77d7fcc1bf7a4753365534a8e28f') in 0.059001 seconds 
========================================================================
Received Import Request.
  Time since last request: 0.000107 seconds.
  path: Assets/[Sound]/medium-ball-rolling-looping-SBA-300070541-preview.mp3
  artifactKey: Guid(919b4a6bda81a3e49a7d91ee0e780de3) Importer(815301076,1909f56bfc062723c751e8b465ee728b)
Start importing Assets/[Sound]/medium-ball-rolling-looping-SBA-300070541-preview.mp3 using Guid(919b4a6bda81a3e49a7d91ee0e780de3) Importer(815301076,1909f56bfc062723c751e8b465ee728b)  -> (artifact id: 'fcd7df62c8331989fede8518188c8522') in 0.012687 seconds 
========================================================================
Received Import Request.
  Time since last request: 0.000127 seconds.
  path: Assets/[Sound]/Button Click Simple.mp3
  artifactKey: Guid(877bad2fd6fca7e47b3f8e5f339cb3e0) Importer(815301076,1909f56bfc062723c751e8b465ee728b)
Start importing Assets/[Sound]/Button Click Simple.mp3 using Guid(877bad2fd6fca7e47b3f8e5f339cb3e0) Importer(815301076,1909f56bfc062723c751e8b465ee728b)  -> (artifact id: '3e7d1c553129e370afd23b9753966df5') in 0.010841 seconds 
========================================================================
Received Import Request.
  Time since last request: 0.000171 seconds.
  path: Assets/[Sound]/KY3RAVB-game-ball-bounce.mp3
  artifactKey: Guid(abcb09d01adc16748b4986315995b684) Importer(815301076,1909f56bfc062723c751e8b465ee728b)
Start importing Assets/[Sound]/KY3RAVB-game-ball-bounce.mp3 using Guid(abcb09d01adc16748b4986315995b684) Importer(815301076,1909f56bfc062723c751e8b465ee728b)  -> (artifact id: 'a9d53d0a0afaeddfd0457d92c721f3e0') in 0.029608 seconds 
========================================================================
Received Import Request.
  Time since last request: 8.748848 seconds.
  path: Assets/[Sound]/dropOnGround.wav
  artifactKey: Guid(cb70aedafeb9da44e92967381b0992fb) Importer(815301076,1909f56bfc062723c751e8b465ee728b)
Start importing Assets/[Sound]/dropOnGround.wav using Guid(cb70aedafeb9da44e92967381b0992fb) Importer(815301076,1909f56bfc062723c751e8b465ee728b)  -> (artifact id: 'e594ca8033a8d6650894f9b2120452ee') in 0.011832 seconds 
========================================================================
Received Import Request.
  Time since last request: 0.000206 seconds.
  path: Assets/[Sound]/rollingStone.wav
  artifactKey: Guid(77e923ee0e1ccc84baac2644474864c6) Importer(815301076,1909f56bfc062723c751e8b465ee728b)
Start importing Assets/[Sound]/rollingStone.wav using Guid(77e923ee0e1ccc84baac2644474864c6) Importer(815301076,1909f56bfc062723c751e8b465ee728b)  -> (artifact id: 'f3433c0229cd7ff6245d57d3c0b7e4dc') in 0.008868 seconds 
========================================================================
Received Import Request.
  Time since last request: 0.000137 seconds.
  path: Assets/[Sound]/win.wav
  artifactKey: Guid(cd569298d4c910346a6fb9021eaf176e) Importer(815301076,1909f56bfc062723c751e8b465ee728b)
Start importing Assets/[Sound]/win.wav using Guid(cd569298d4c910346a6fb9021eaf176e) Importer(815301076,1909f56bfc062723c751e8b465ee728b)  -> (artifact id: 'e6e899ea23402f54a12cf551c406fac4') in 0.010031 seconds 
